{"uuid":"e5eb6d77-ca94-4e2c-971e-6de5d3acbe7c","historyId":"80cada435a764b796b0c308b6c8d9479","fullName":"tests.LoginTests.invalidLoginTest_EmptyUserEmptyPassword","labels":[{"name":"package","value":"tests.LoginTests"},{"name":"testClass","value":"tests.LoginTests"},{"name":"testMethod","value":"invalidLoginTest_EmptyUserEmptyPassword"},{"name":"parentSuite","value":"N11 Test Suite"},{"name":"suite","value":"LoginTest"},{"name":"subSuite","value":"tests.LoginTests"},{"name":"host","value":"ip-192-168-2-48.ec2.internal"},{"name":"thread","value":"26528@ip-192-168-2-48.ec2.internal.main(1)"},{"name":"epic","value":"Regression Tests"},{"name":"feature","value":"Login Tests"},{"name":"story","value":"Empty username and password login test"},{"name":"severity","value":"critical"}],"links":[],"name":"Invalid Login Scenario with empty username and password.","status":"failed","statusDetails":{"known":false,"muted":false,"flaky":false,"message":"expected [WRONG MESSAGE FOR FAILURE!] but found [Bu alanın doldurulması zorunludur.]","trace":"java.lang.AssertionError: expected [WRONG MESSAGE FOR FAILURE!] but found [Bu alanın doldurulması zorunludur.]\n\tat org.testng.Assert.fail(Assert.java:96)\n\tat org.testng.Assert.failNotEquals(Assert.java:776)\n\tat org.testng.Assert.assertEqualsImpl(Assert.java:137)\n\tat org.testng.Assert.assertEquals(Assert.java:118)\n\tat org.testng.Assert.assertEquals(Assert.java:453)\n\tat org.testng.Assert.assertEquals(Assert.java:463)\n\tat pages.LoginPage.verifyLoginPassword_aroundBody4(LoginPage.java:43)\n\tat pages.LoginPage$AjcClosure5.run(LoginPage.java:1)\n\tat org.aspectj.runtime.reflect.JoinPointImpl.proceed(JoinPointImpl.java:149)\n\tat io.qameta.allure.aspects.StepsAspects.step(StepsAspects.java:46)\n\tat pages.LoginPage.verifyLoginPassword(LoginPage.java:43)\n\tat tests.LoginTests.invalidLoginTest_EmptyUserEmptyPassword(LoginTests.java:82)\n\tat sun.reflect.NativeMethodAccessorImpl.invoke0(Native Method)\n\tat sun.reflect.NativeMethodAccessorImpl.invoke(NativeMethodAccessorImpl.java:62)\n\tat sun.reflect.DelegatingMethodAccessorImpl.invoke(DelegatingMethodAccessorImpl.java:43)\n\tat java.lang.reflect.Method.invoke(Method.java:498)\n\tat org.testng.internal.MethodInvocationHelper.invokeMethod(MethodInvocationHelper.java:124)\n\tat org.testng.internal.Invoker.invokeMethod(Invoker.java:583)\n\tat org.testng.internal.Invoker.retryFailed(Invoker.java:839)\n\tat org.testng.internal.Invoker.invokeTestMethods(Invoker.java:1010)\n\tat org.testng.internal.TestMethodWorker.invokeTestMethods(TestMethodWorker.java:125)\n\tat org.testng.internal.TestMethodWorker.run(TestMethodWorker.java:109)\n\tat org.testng.TestRunner.privateRun(TestRunner.java:648)\n\tat org.testng.TestRunner.run(TestRunner.java:505)\n\tat org.testng.SuiteRunner.runTest(SuiteRunner.java:455)\n\tat org.testng.SuiteRunner.runSequentially(SuiteRunner.java:450)\n\tat org.testng.SuiteRunner.privateRun(SuiteRunner.java:415)\n\tat org.testng.SuiteRunner.run(SuiteRunner.java:364)\n\tat org.testng.SuiteRunnerWorker.runSuite(SuiteRunnerWorker.java:52)\n\tat org.testng.SuiteRunnerWorker.run(SuiteRunnerWorker.java:84)\n\tat org.testng.TestNG.runSuitesSequentially(TestNG.java:1208)\n\tat org.testng.TestNG.runSuitesLocally(TestNG.java:1137)\n\tat org.testng.TestNG.runSuites(TestNG.java:1049)\n\tat org.testng.TestNG.run(TestNG.java:1017)\n\tat org.apache.maven.surefire.testng.TestNGExecutor.run(TestNGExecutor.java:283)\n\tat org.apache.maven.surefire.testng.TestNGXmlTestSuite.execute(TestNGXmlTestSuite.java:75)\n\tat org.apache.maven.surefire.testng.TestNGProvider.invoke(TestNGProvider.java:120)\n\tat org.apache.maven.surefire.booter.ForkedBooter.invokeProviderInSameClassLoader(ForkedBooter.java:386)\n\tat org.apache.maven.surefire.booter.ForkedBooter.runSuitesInProcess(ForkedBooter.java:323)\n\tat org.apache.maven.surefire.booter.ForkedBooter.main(ForkedBooter.java:143)\n"},"stage":"finished","description":"Test Description: Login test with empty username and empty password.","start":1548954611462,"stop":1548954615487,"steps":[{"name":"Open N11 Step...","status":"passed","stage":"finished","start":1548954611462,"stop":1548954613233},{"name":"Go to Login Page Step...","status":"passed","stage":"finished","start":1548954613233,"stop":1548954613833},{"name":"Login Step with username: {0}, password: {1}, for method: {method} step...","status":"passed","stage":"finished","start":1548954613833,"stop":1548954613960,"parameters":[{"name":"username","value":""},{"name":"password","value":""}]},{"name":"Verify username: {0} step...","status":"passed","stage":"finished","start":1548954614464,"stop":1548954614488,"parameters":[{"name":"expectedText","value":"Lütfen e-posta adresinizi girin."}]},{"name":"Verify verifyLoginPassword: {0} step...","status":"failed","statusDetails":{"known":false,"muted":false,"flaky":false,"message":"expected [WRONG MESSAGE FOR FAILURE!] but found [Bu alanın doldurulması zorunludur.]","trace":"java.lang.AssertionError: expected [WRONG MESSAGE FOR FAILURE!] but found [Bu alanın doldurulması zorunludur.]\n\tat org.testng.Assert.fail(Assert.java:96)\n\tat org.testng.Assert.failNotEquals(Assert.java:776)\n\tat org.testng.Assert.assertEqualsImpl(Assert.java:137)\n\tat org.testng.Assert.assertEquals(Assert.java:118)\n\tat org.testng.Assert.assertEquals(Assert.java:453)\n\tat org.testng.Assert.assertEquals(Assert.java:463)\n\tat pages.LoginPage.verifyLoginPassword_aroundBody4(LoginPage.java:43)\n\tat pages.LoginPage$AjcClosure5.run(LoginPage.java:1)\n\tat org.aspectj.runtime.reflect.JoinPointImpl.proceed(JoinPointImpl.java:149)\n\tat io.qameta.allure.aspects.StepsAspects.step(StepsAspects.java:46)\n\tat pages.LoginPage.verifyLoginPassword(LoginPage.java:43)\n\tat tests.LoginTests.invalidLoginTest_EmptyUserEmptyPassword(LoginTests.java:82)\n\tat sun.reflect.NativeMethodAccessorImpl.invoke0(Native Method)\n\tat sun.reflect.NativeMethodAccessorImpl.invoke(NativeMethodAccessorImpl.java:62)\n\tat sun.reflect.DelegatingMethodAccessorImpl.invoke(DelegatingMethodAccessorImpl.java:43)\n\tat java.lang.reflect.Method.invoke(Method.java:498)\n\tat org.testng.internal.MethodInvocationHelper.invokeMethod(MethodInvocationHelper.java:124)\n\tat org.testng.internal.Invoker.invokeMethod(Invoker.java:583)\n\tat org.testng.internal.Invoker.retryFailed(Invoker.java:839)\n\tat org.testng.internal.Invoker.invokeTestMethods(Invoker.java:1010)\n\tat org.testng.internal.TestMethodWorker.invokeTestMethods(TestMethodWorker.java:125)\n\tat org.testng.internal.TestMethodWorker.run(TestMethodWorker.java:109)\n\tat org.testng.TestRunner.privateRun(TestRunner.java:648)\n\tat org.testng.TestRunner.run(TestRunner.java:505)\n\tat org.testng.SuiteRunner.runTest(SuiteRunner.java:455)\n\tat org.testng.SuiteRunner.runSequentially(SuiteRunner.java:450)\n\tat org.testng.SuiteRunner.privateRun(SuiteRunner.java:415)\n\tat org.testng.SuiteRunner.run(SuiteRunner.java:364)\n\tat org.testng.SuiteRunnerWorker.runSuite(SuiteRunnerWorker.java:52)\n\tat org.testng.SuiteRunnerWorker.run(SuiteRunnerWorker.java:84)\n\tat org.testng.TestNG.runSuitesSequentially(TestNG.java:1208)\n\tat org.testng.TestNG.runSuitesLocally(TestNG.java:1137)\n\tat org.testng.TestNG.runSuites(TestNG.java:1049)\n\tat org.testng.TestNG.run(TestNG.java:1017)\n\tat org.apache.maven.surefire.testng.TestNGExecutor.run(TestNGExecutor.java:283)\n\tat org.apache.maven.surefire.testng.TestNGXmlTestSuite.execute(TestNGXmlTestSuite.java:75)\n\tat org.apache.maven.surefire.testng.TestNGProvider.invoke(TestNGProvider.java:120)\n\tat org.apache.maven.surefire.booter.ForkedBooter.invokeProviderInSameClassLoader(ForkedBooter.java:386)\n\tat org.apache.maven.surefire.booter.ForkedBooter.runSuitesInProcess(ForkedBooter.java:323)\n\tat org.apache.maven.surefire.booter.ForkedBooter.main(ForkedBooter.java:143)\n"},"stage":"finished","start":1548954614489,"stop":1548954614509,"parameters":[{"name":"expectedText","value":"WRONG MESSAGE FOR FAILURE!"}]}],"attachments":[{"name":"Page screenshot","source":"28accfa9-4acf-44bd-aeb5-41db5d224855-attachment","type":"image/png"},{"name":"{0}","source":"954784f9-faaf-4ef8-add0-aad1c89dc148-attachment","type":"text/plain"},{"name":"Page screenshot","source":"90bc92f5-4bc3-49e1-a046-89515251ec35-attachment","type":"image/png"},{"name":"{0}","source":"27364fb8-24c0-41a1-820a-e3d722114fed-attachment","type":"text/plain"}],"parameters":[]}